<?xml version="1.0" encoding="UTF-8"?>
<testsuite xmlns:xsi="http://www.w3.org/2001/XMLSchema-instance" xsi:noNamespaceSchemaLocation="https://maven.apache.org/surefire/maven-surefire-plugin/xsd/surefire-test-report.xsd" name="ru.yandex.praktikum.scooter.courier.AddCourierTest" time="4.195" tests="4" errors="0" skipped="0" failures="0">
  <properties>
[...]
</properties>
  <testcase name="createWithoutLoginTest" classname="ru.yandex.praktikum.scooter.courier.AddCourierTest" time="2.734"/>
  <testcase name="createSameCourierTest" classname="ru.yandex.praktikum.scooter.courier.AddCourierTest" time="0.59"/>
  <testcase name="createWithoutPasswordTest" classname="ru.yandex.praktikum.scooter.courier.AddCourierTest" time="0.14"/>
  <testcase name="createValidCourierTest" classname="ru.yandex.praktikum.scooter.courier.AddCourierTest" time="0.559"/>
</testsuite>